0 info it worked if it ends with ok
1 verbose cli [ '/usr/bin/nodejs', '/usr/bin/npm', 'start' ]
2 info using npm@3.8.6
3 info using node@v4.2.3
4 verbose run-script [ 'prestart', 'start', 'poststart' ]
5 info lifecycle yscz@0.0.0~prestart: yscz@0.0.0
6 silly lifecycle yscz@0.0.0~prestart: no script for prestart, continuing
7 info lifecycle yscz@0.0.0~start: yscz@0.0.0
8 verbose lifecycle yscz@0.0.0~start: unsafe-perm in lifecycle true
9 verbose lifecycle yscz@0.0.0~start: PATH: /usr/lib/node_modules/npm/bin/node-gyp-bin:/media/f/e/studyworkspace/nodejsstudy/alex/node_modules/.bin:/usr/bin:/home/oleio/software/idea-IU-143.1184.17/bin:/media/f/e/studyworkspace/protobuf/protoc-3.1.0-linux-x86_64/bin/:/media/f/software/apache-flume-1.6.0-bin/bin:/media/f/software/apache-hive-2.0.0-bin/bin:/media/f/software/hadoop-2.7.2/bin:/media/f/software/hbase-1.2.1/bin:/media/f/jvm/go/bin:/media/h/software/android-studio/gradle/gradle-2.14.1/bin:/media/f/software/groovy-2.4.7//bin:/media/f/software/apache-ant-1.8.2/bin:/media/f/software/apache-maven-3.0.3/bin:/media/f/jvm/java/jdk1.8.0_65//bin:/media/f/jvm/java/jdk1.8.0_65//jre/bin:/usr/local/sbin:/usr/local/bin:/usr/sbin:/usr/bin:/sbin:/bin:/usr/games:/usr/local/games:.:/home/oleio/bin:/media/f/jvm/android/android-sdk-linux/tools:/media/f/jvm/android/android-sdk-linux/platform-tools:/media/f/software/apache-cxf-2.6.4/bin:~/sqllib/bin:/media/f/codecover-batch-1.0/:/media/f/software/sonar-runner-2.3//bin:/home/oleio/myscripts:/media/f/software/hadoop-2.7.2/bin:/media/f/software/hadoop-2.7.2/sbin:/home/oleio/software/genymotion2.6/genymotion:/home/oleio/software/DbVisualizer/:/home/oleio/software/idea-IU-143.381.42/bin/
10 verbose lifecycle yscz@0.0.0~start: CWD: /media/f/e/studyworkspace/nodejsstudy/alex
11 silly lifecycle yscz@0.0.0~start: Args: [ '-c', 'node ./bin/www' ]
12 silly lifecycle yscz@0.0.0~start: Returned: code: 1  signal: null
13 info lifecycle yscz@0.0.0~start: Failed to exec start script
14 verbose stack Error: yscz@0.0.0 start: `node ./bin/www`
14 verbose stack Exit status 1
14 verbose stack     at EventEmitter.<anonymous> (/usr/lib/node_modules/npm/lib/utils/lifecycle.js:239:16)
14 verbose stack     at emitTwo (events.js:87:13)
14 verbose stack     at EventEmitter.emit (events.js:172:7)
14 verbose stack     at ChildProcess.<anonymous> (/usr/lib/node_modules/npm/lib/utils/spawn.js:24:14)
14 verbose stack     at emitTwo (events.js:87:13)
14 verbose stack     at ChildProcess.emit (events.js:172:7)
14 verbose stack     at maybeClose (internal/child_process.js:818:16)
14 verbose stack     at Process.ChildProcess._handle.onexit (internal/child_process.js:211:5)
15 verbose pkgid yscz@0.0.0
16 verbose cwd /media/f/e/studyworkspace/nodejsstudy/alex
17 error Linux 3.19.8-031908-generic
18 error argv "/usr/bin/nodejs" "/usr/bin/npm" "start"
19 error node v4.2.3
20 error npm  v3.8.6
21 error code ELIFECYCLE
22 error yscz@0.0.0 start: `node ./bin/www`
22 error Exit status 1
23 error Failed at the yscz@0.0.0 start script 'node ./bin/www'.
23 error Make sure you have the latest version of node.js and npm installed.
23 error If you do, this is most likely a problem with the yscz package,
23 error not with npm itself.
23 error Tell the author that this fails on your system:
23 error     node ./bin/www
23 error You can get information on how to open an issue for this project with:
23 error     npm bugs yscz
23 error Or if that isn't available, you can get their info via:
23 error     npm owner ls yscz
23 error There is likely additional logging output above.
24 verbose exit [ 1, true ]
